<?xml version="1.0" encoding="UTF-8"?>
<testng-results skipped="0" failed="0" ignored="0" total="6" passed="6">
  <reporter-output>
  </reporter-output>
  <suite name="CafeTownsend Test Suite" duration-ms="51283" started-at="2018-01-23T09:50:46Z" finished-at="2018-01-23T09:51:38Z">
    <groups>
    </groups>
    <test name="CafeTownsend Tests" duration-ms="51283" started-at="2018-01-23T09:50:46Z" finished-at="2018-01-23T09:51:38Z">
      <class name="tests.DeleteEmployeeTest">
        <test-method status="PASS" signature="setUp()[pri:0, instance:tests.DeleteEmployeeTest@ba2a48]" name="setUp" is-config="true" duration-ms="0" started-at="2018-01-23T06:50:56Z" finished-at="2018-01-23T06:50:56Z">
          <reporter-output>
          </reporter-output>
        </test-method> <!-- setUp -->
        <test-method status="PASS" signature="deleteEmployee()[pri:0, instance:tests.DeleteEmployeeTest@ba2a48]" name="deleteEmployee" duration-ms="24462" started-at="2018-01-23T06:50:56Z" finished-at="2018-01-23T06:51:21Z">
          <reporter-output>
          </reporter-output>
        </test-method> <!-- deleteEmployee -->
      </class> <!-- tests.DeleteEmployeeTest -->
      <class name="tests.AddEmployeeTest">
        <test-method status="PASS" signature="setUp()[pri:0, instance:tests.AddEmployeeTest@d3bd8b]" name="setUp" is-config="true" duration-ms="2966" started-at="2018-01-23T06:50:46Z" finished-at="2018-01-23T06:50:49Z">
          <reporter-output>
          </reporter-output>
        </test-method> <!-- setUp -->
        <test-method status="PASS" signature="addEmployee()[pri:0, instance:tests.AddEmployeeTest@d3bd8b]" name="addEmployee" duration-ms="7100" started-at="2018-01-23T06:50:49Z" finished-at="2018-01-23T06:50:56Z">
          <reporter-output>
          </reporter-output>
        </test-method> <!-- addEmployee -->
        <test-method status="PASS" signature="tearDown()[pri:0, instance:tests.AddEmployeeTest@d3bd8b]" name="tearDown" is-config="true" duration-ms="717" started-at="2018-01-23T06:51:37Z" finished-at="2018-01-23T06:51:38Z">
          <reporter-output>
          </reporter-output>
        </test-method> <!-- tearDown -->
        <test-method status="PASS" signature="tearDown()[pri:0, instance:tests.DeleteEmployeeTest@ba2a48]" name="tearDown" is-config="true" duration-ms="1" started-at="2018-01-23T06:51:38Z" finished-at="2018-01-23T06:51:38Z">
          <reporter-output>
          </reporter-output>
        </test-method> <!-- tearDown -->
        <test-method status="PASS" signature="tearDown()[pri:0, instance:tests.InvalidLoginTest@181a1bc]" name="tearDown" is-config="true" duration-ms="0" started-at="2018-01-23T06:51:38Z" finished-at="2018-01-23T06:51:38Z">
          <reporter-output>
          </reporter-output>
        </test-method> <!-- tearDown -->
        <test-method status="PASS" signature="tearDown()[pri:0, instance:tests.LogoutTest@616ca2]" name="tearDown" is-config="true" duration-ms="0" started-at="2018-01-23T06:51:38Z" finished-at="2018-01-23T06:51:38Z">
          <reporter-output>
          </reporter-output>
        </test-method> <!-- tearDown -->
        <test-method status="PASS" signature="tearDown()[pri:0, instance:tests.ValidLoginTest@1fee20c]" name="tearDown" is-config="true" duration-ms="0" started-at="2018-01-23T06:51:38Z" finished-at="2018-01-23T06:51:38Z">
          <reporter-output>
          </reporter-output>
        </test-method> <!-- tearDown -->
        <test-method status="PASS" signature="tearDown()[pri:0, instance:tests.EditEmployeeTest@12050f6]" name="tearDown" is-config="true" duration-ms="0" started-at="2018-01-23T06:51:38Z" finished-at="2018-01-23T06:51:38Z">
          <reporter-output>
          </reporter-output>
        </test-method> <!-- tearDown -->
      </class> <!-- tests.AddEmployeeTest -->
      <class name="tests.EditEmployeeTest">
        <test-method status="PASS" signature="editEmployee()[pri:0, instance:tests.EditEmployeeTest@12050f6]" name="editEmployee" duration-ms="7062" started-at="2018-01-23T06:51:21Z" finished-at="2018-01-23T06:51:28Z">
          <reporter-output>
          </reporter-output>
        </test-method> <!-- editEmployee -->
        <test-method status="PASS" signature="setUp()[pri:0, instance:tests.EditEmployeeTest@12050f6]" name="setUp" is-config="true" duration-ms="0" started-at="2018-01-23T06:51:21Z" finished-at="2018-01-23T06:51:21Z">
          <reporter-output>
          </reporter-output>
        </test-method> <!-- setUp -->
      </class> <!-- tests.EditEmployeeTest -->
      <class name="tests.ValidLoginTest">
        <test-method status="PASS" signature="setUp()[pri:0, instance:tests.ValidLoginTest@1fee20c]" name="setUp" is-config="true" duration-ms="0" started-at="2018-01-23T06:51:34Z" finished-at="2018-01-23T06:51:34Z">
          <reporter-output>
          </reporter-output>
        </test-method> <!-- setUp -->
        <test-method status="PASS" signature="validLogin()[pri:0, instance:tests.ValidLoginTest@1fee20c]" name="validLogin" duration-ms="2573" started-at="2018-01-23T06:51:34Z" finished-at="2018-01-23T06:51:37Z">
          <reporter-output>
          </reporter-output>
        </test-method> <!-- validLogin -->
      </class> <!-- tests.ValidLoginTest -->
      <class name="tests.LogoutTest">
        <test-method status="PASS" signature="setUp()[pri:0, instance:tests.LogoutTest@616ca2]" name="setUp" is-config="true" duration-ms="0" started-at="2018-01-23T06:51:31Z" finished-at="2018-01-23T06:51:31Z">
          <reporter-output>
          </reporter-output>
        </test-method> <!-- setUp -->
        <test-method status="PASS" signature="validLogout()[pri:0, instance:tests.LogoutTest@616ca2]" name="validLogout" duration-ms="3751" started-at="2018-01-23T06:51:31Z" finished-at="2018-01-23T06:51:34Z">
          <reporter-output>
          </reporter-output>
        </test-method> <!-- validLogout -->
      </class> <!-- tests.LogoutTest -->
      <class name="tests.InvalidLoginTest">
        <test-method status="PASS" signature="setUp()[pri:0, instance:tests.InvalidLoginTest@181a1bc]" name="setUp" is-config="true" duration-ms="0" started-at="2018-01-23T06:51:28Z" finished-at="2018-01-23T06:51:28Z">
          <reporter-output>
          </reporter-output>
        </test-method> <!-- setUp -->
        <test-method status="PASS" signature="invalidLogin()[pri:0, instance:tests.InvalidLoginTest@181a1bc]" name="invalidLogin" duration-ms="2633" started-at="2018-01-23T06:51:28Z" finished-at="2018-01-23T06:51:31Z">
          <reporter-output>
          </reporter-output>
        </test-method> <!-- invalidLogin -->
      </class> <!-- tests.InvalidLoginTest -->
    </test> <!-- CafeTownsend Tests -->
  </suite> <!-- CafeTownsend Test Suite -->
</testng-results>
