<?xml version="1.0" encoding="UTF-8"?>
<testng-results skipped="0" failed="0" ignored="0" total="6" passed="6">
  <reporter-output>
  </reporter-output>
  <suite name="CafeTownsend Test Suite" duration-ms="51389" started-at="2018-01-23T08:17:48Z" finished-at="2018-01-23T08:18:39Z">
    <groups>
    </groups>
    <test name="CafeTownsend Tests" duration-ms="51389" started-at="2018-01-23T08:17:48Z" finished-at="2018-01-23T08:18:39Z">
      <class name="tests.DeleteEmployeeTest">
        <test-method status="PASS" signature="setUp()[pri:0, instance:tests.DeleteEmployeeTest@1fd3711]" name="setUp" is-config="true" duration-ms="0" started-at="2018-01-23T05:18:02Z" finished-at="2018-01-23T05:18:02Z">
          <reporter-output>
          </reporter-output>
        </test-method> <!-- setUp -->
        <test-method status="PASS" signature="deleteEmployee()[pri:0, instance:tests.DeleteEmployeeTest@1fd3711]" name="deleteEmployee" duration-ms="21307" started-at="2018-01-23T05:18:02Z" finished-at="2018-01-23T05:18:23Z">
          <reporter-output>
          </reporter-output>
        </test-method> <!-- deleteEmployee -->
      </class> <!-- tests.DeleteEmployeeTest -->
      <class name="tests.AddEmployeeTest">
        <test-method status="PASS" signature="setUp()[pri:0, instance:tests.AddEmployeeTest@82d64]" name="setUp" is-config="true" duration-ms="2872" started-at="2018-01-23T05:17:48Z" finished-at="2018-01-23T05:17:50Z">
          <reporter-output>
          </reporter-output>
        </test-method> <!-- setUp -->
        <test-method status="PASS" signature="addEmployee()[pri:0, instance:tests.AddEmployeeTest@82d64]" name="addEmployee" duration-ms="11102" started-at="2018-01-23T05:17:50Z" finished-at="2018-01-23T05:18:02Z">
          <reporter-output>
          </reporter-output>
        </test-method> <!-- addEmployee -->
        <test-method status="PASS" signature="tearDown()[pri:0, instance:tests.AddEmployeeTest@82d64]" name="tearDown" is-config="true" duration-ms="737" started-at="2018-01-23T05:18:38Z" finished-at="2018-01-23T05:18:39Z">
          <reporter-output>
          </reporter-output>
        </test-method> <!-- tearDown -->
        <test-method status="PASS" signature="tearDown()[pri:0, instance:tests.EditEmployeeTest@d3bd8b]" name="tearDown" is-config="true" duration-ms="0" started-at="2018-01-23T05:18:39Z" finished-at="2018-01-23T05:18:39Z">
          <reporter-output>
          </reporter-output>
        </test-method> <!-- tearDown -->
        <test-method status="PASS" signature="tearDown()[pri:0, instance:tests.ValidLoginTest@181a1bc]" name="tearDown" is-config="true" duration-ms="0" started-at="2018-01-23T05:18:39Z" finished-at="2018-01-23T05:18:39Z">
          <reporter-output>
          </reporter-output>
        </test-method> <!-- tearDown -->
        <test-method status="PASS" signature="tearDown()[pri:0, instance:tests.LogoutTest@12050f6]" name="tearDown" is-config="true" duration-ms="0" started-at="2018-01-23T05:18:39Z" finished-at="2018-01-23T05:18:39Z">
          <reporter-output>
          </reporter-output>
        </test-method> <!-- tearDown -->
        <test-method status="PASS" signature="tearDown()[pri:0, instance:tests.InvalidLoginTest@ba2a48]" name="tearDown" is-config="true" duration-ms="0" started-at="2018-01-23T05:18:39Z" finished-at="2018-01-23T05:18:39Z">
          <reporter-output>
          </reporter-output>
        </test-method> <!-- tearDown -->
        <test-method status="PASS" signature="tearDown()[pri:0, instance:tests.DeleteEmployeeTest@1fd3711]" name="tearDown" is-config="true" duration-ms="0" started-at="2018-01-23T05:18:39Z" finished-at="2018-01-23T05:18:39Z">
          <reporter-output>
          </reporter-output>
        </test-method> <!-- tearDown -->
      </class> <!-- tests.AddEmployeeTest -->
      <class name="tests.EditEmployeeTest">
        <test-method status="PASS" signature="setUp()[pri:0, instance:tests.EditEmployeeTest@d3bd8b]" name="setUp" is-config="true" duration-ms="0" started-at="2018-01-23T05:18:23Z" finished-at="2018-01-23T05:18:23Z">
          <reporter-output>
          </reporter-output>
        </test-method> <!-- setUp -->
        <test-method status="PASS" signature="editEmployee()[pri:0, instance:tests.EditEmployeeTest@d3bd8b]" name="editEmployee" duration-ms="6369" started-at="2018-01-23T05:18:23Z" finished-at="2018-01-23T05:18:29Z">
          <reporter-output>
          </reporter-output>
        </test-method> <!-- editEmployee -->
      </class> <!-- tests.EditEmployeeTest -->
      <class name="tests.ValidLoginTest">
        <test-method status="PASS" signature="setUp()[pri:0, instance:tests.ValidLoginTest@181a1bc]" name="setUp" is-config="true" duration-ms="0" started-at="2018-01-23T05:18:36Z" finished-at="2018-01-23T05:18:36Z">
          <reporter-output>
          </reporter-output>
        </test-method> <!-- setUp -->
        <test-method status="PASS" signature="validLogin()[pri:0, instance:tests.ValidLoginTest@181a1bc]" name="validLogin" duration-ms="2513" started-at="2018-01-23T05:18:36Z" finished-at="2018-01-23T05:18:38Z">
          <reporter-output>
          </reporter-output>
        </test-method> <!-- validLogin -->
      </class> <!-- tests.ValidLoginTest -->
      <class name="tests.LogoutTest">
        <test-method status="PASS" signature="setUp()[pri:0, instance:tests.LogoutTest@12050f6]" name="setUp" is-config="true" duration-ms="0" started-at="2018-01-23T05:18:32Z" finished-at="2018-01-23T05:18:32Z">
          <reporter-output>
          </reporter-output>
        </test-method> <!-- setUp -->
        <test-method status="PASS" signature="validLogout()[pri:0, instance:tests.LogoutTest@12050f6]" name="validLogout" duration-ms="3844" started-at="2018-01-23T05:18:32Z" finished-at="2018-01-23T05:18:36Z">
          <reporter-output>
          </reporter-output>
        </test-method> <!-- validLogout -->
      </class> <!-- tests.LogoutTest -->
      <class name="tests.InvalidLoginTest">
        <test-method status="PASS" signature="invalidLogin()[pri:0, instance:tests.InvalidLoginTest@ba2a48]" name="invalidLogin" duration-ms="2624" started-at="2018-01-23T05:18:29Z" finished-at="2018-01-23T05:18:32Z">
          <reporter-output>
          </reporter-output>
        </test-method> <!-- invalidLogin -->
        <test-method status="PASS" signature="setUp()[pri:0, instance:tests.InvalidLoginTest@ba2a48]" name="setUp" is-config="true" duration-ms="0" started-at="2018-01-23T05:18:29Z" finished-at="2018-01-23T05:18:29Z">
          <reporter-output>
          </reporter-output>
        </test-method> <!-- setUp -->
      </class> <!-- tests.InvalidLoginTest -->
    </test> <!-- CafeTownsend Tests -->
  </suite> <!-- CafeTownsend Test Suite -->
</testng-results>
