<?xml version="1.0" encoding="UTF-8"?>
<!-- Generated by org.testng.reporters.JUnitXMLReporter -->
<testsuite hostname="Phoenix" ignored="0" name="CafeTownsend Tests" tests="6" failures="0" timestamp="23 ene 2018 10:14:26 GMT" time="48.798" errors="0">
  <testcase name="addEmployee" time="9.023" classname="tests.AddEmployeeTest"/>
  <testcase name="deleteEmployee" time="20.101" classname="tests.DeleteEmployeeTest"/>
  <testcase name="editEmployee" time="7.267" classname="tests.EditEmployeeTest"/>
  <testcase name="invalidLogin" time="2.574" classname="tests.InvalidLoginTest"/>
  <testcase name="validLogout" time="3.637" classname="tests.LogoutTest"/>
  <testcase name="validLogin" time="2.589" classname="tests.ValidLoginTest"/>
</testsuite> <!-- CafeTownsend Tests -->
