<?xml version="1.0" encoding="UTF-8"?>
<!-- Generated by org.testng.reporters.JUnitXMLReporter -->
<testsuite hostname="Phoenix" ignored="0" name="CafeTownsend Tests" tests="6" failures="0" timestamp="23 ene 2018 09:51:38 GMT" time="51.283" errors="0">
  <testcase name="addEmployee" time="7.1" classname="tests.AddEmployeeTest"/>
  <testcase name="deleteEmployee" time="24.462" classname="tests.DeleteEmployeeTest"/>
  <testcase name="editEmployee" time="7.062" classname="tests.EditEmployeeTest"/>
  <testcase name="invalidLogin" time="2.633" classname="tests.InvalidLoginTest"/>
  <testcase name="validLogout" time="3.751" classname="tests.LogoutTest"/>
  <testcase name="validLogin" time="2.573" classname="tests.ValidLoginTest"/>
</testsuite> <!-- CafeTownsend Tests -->
